<?xml version="1.0" encoding="UTF-8"?>
<!-- Generated by org.testng.reporters.JUnitReportReporter -->
<testsuite hostname="DESKTOP-9CA997L" failures="0" tests="1" name="secondbuild.NewCodes" time="0.022" errors="0" timestamp="2025-01-31T13:11:48 IST" skipped="0">
  <testcase classname="secondbuild.NewCodes" name="runs" time="0.022"/>
</testsuite> <!-- secondbuild.NewCodes -->
