<?xml version="1.0" encoding="UTF-8"?>
<!-- Generated by org.testng.reporters.JUnitReportReporter -->
<testsuite hostname="DESKTOP-9CA997L" failures="0" tests="3" name="org.practice.CreateOrg1Test" time="30.909" errors="0" timestamp="2025-01-30T13:29:30 IST" skipped="0">
  <testcase classname="org.practice.CreateOrg1Test" name="createOrgwithindustries1Test" time="8.552"/>
  <testcase classname="org.practice.CreateOrg1Test" name="createOrg1Test" time="14.506"/>
  <testcase classname="org.practice.CreateOrg1Test" name="createOrgWithPhoneNumber1Test" time="7.851"/>
</testsuite> <!-- org.practice.CreateOrg1Test -->
