<?xml version="1.0" encoding="UTF-8"?>
<!-- Generated by org.testng.reporters.JUnitReportReporter -->
<testsuite hostname="DESKTOP-9CA997L" failures="0" tests="2" name="mavenprac2.ContactTest" time="0.002" errors="0" timestamp="2025-01-30T13:29:30 IST" skipped="0">
  <testcase classname="mavenprac2.ContactTest" name="createContactTest" time="0.001"/>
  <testcase classname="mavenprac2.ContactTest" name="modifyContacttest" time="0.001"/>
</testsuite> <!-- mavenprac2.ContactTest -->
