<?xml version="1.0" encoding="UTF-8"?>
<!-- Generated by org.testng.reporters.JUnitReportReporter -->
<testsuite hostname="DESKTOP-9CA997L" failures="0" tests="2" name="mavepract1.OrgTest" time="0.003" errors="0" timestamp="2025-01-30T13:29:30 IST" skipped="0">
  <testcase classname="mavepract1.OrgTest" name="createOrgTest" time="0.001"/>
  <testcase classname="mavepract1.OrgTest" name="modifyOrgtest" time="0.002"/>
</testsuite> <!-- mavepract1.OrgTest -->
