<?xml version="1.0" encoding="UTF-8"?>
<!-- Generated by org.testng.reporters.JUnitReportReporter -->
<testsuite hostname="DESKTOP-9CA997L" failures="0" tests="1" name="contact.practice.CreateContact1Test" time="15.359" errors="0" timestamp="2025-01-30T13:31:09 IST" skipped="0">
  <testcase classname="contact.practice.CreateContact1Test" name="createContact1Test" time="15.359"/>
</testsuite> <!-- contact.practice.CreateContact1Test -->
